<?xml version="1.0" encoding="UTF-8"?>
<testsuite name="com.thoughtworks.tddintro.exercises.factorial.FactorialTests" tests="5" skipped="0" failures="0" errors="0" timestamp="2020-07-28T17:55:35" hostname="lunadeMacBook-Pro.local" time="0.011">
  <properties/>
  <testcase name="shouldThrowIllegalArgumentExceptionWhenNumberIsNegative" classname="com.thoughtworks.tddintro.exercises.factorial.FactorialTests" time="0.001"/>
  <testcase name="shouldReturnSixWhenNumberIsThree" classname="com.thoughtworks.tddintro.exercises.factorial.FactorialTests" time="0.003"/>
  <testcase name="shouldReturnOneWhenNumberIsOne" classname="com.thoughtworks.tddintro.exercises.factorial.FactorialTests" time="0.0"/>
  <testcase name="shouldReturnOneWhenNumberIsZero" classname="com.thoughtworks.tddintro.exercises.factorial.FactorialTests" time="0.0"/>
  <testcase name="shouldReturnTwoWhenNumberIsTwo" classname="com.thoughtworks.tddintro.exercises.factorial.FactorialTests" time="0.001"/>
  <system-out><![CDATA[]]></system-out>
  <system-err><![CDATA[]]></system-err>
</testsuite>
