<?xml version="1.0" encoding="UTF-8"?>
<testsuite name="com.thoughtworks.tddintro.exercises.accountbalance.AccountTests" tests="1" skipped="0" failures="0" errors="0" timestamp="2020-07-28T18:09:21" hostname="lunadeMacBook-Pro.local" time="0.001">
  <properties/>
  <testcase name="shouldIncreaseMyBalanceWhenIDepositMoney" classname="com.thoughtworks.tddintro.exercises.accountbalance.AccountTests" time="0.001"/>
  <system-out><![CDATA[]]></system-out>
  <system-err><![CDATA[]]></system-err>
</testsuite>
